TN:
SF:C:\Users\越\Desktop\CSE112\team7\pages\element\script\Checkbox.js
FN:239,(anonymous_0)
FN:249,(anonymous_1)
FN:288,(anonymous_2)
FN:317,(anonymous_3)
FN:336,(anonymous_4)
FN:351,(anonymous_5)
FN:359,(anonymous_6)
FN:374,(anonymous_7)
FN:390,(anonymous_8)
FN:456,(anonymous_9)
FN:468,(anonymous_10)
FN:500,(anonymous_11)
FN:505,(anonymous_12)
FN:510,(anonymous_13)
FN:515,(anonymous_14)
FN:520,(anonymous_15)
FN:529,(anonymous_16)
FN:534,(anonymous_17)
FN:543,(anonymous_18)
FN:548,(anonymous_19)
FN:553,(anonymous_20)
FN:558,(anonymous_21)
FN:567,(anonymous_22)
FN:572,(anonymous_23)
FN:582,(anonymous_24)
FNF:25
FNH:21
FNDA:7,(anonymous_0)
FNDA:7,(anonymous_1)
FNDA:0,(anonymous_2)
FNDA:9,(anonymous_3)
FNDA:9,(anonymous_4)
FNDA:9,(anonymous_5)
FNDA:14,(anonymous_6)
FNDA:8,(anonymous_7)
FNDA:0,(anonymous_8)
FNDA:1,(anonymous_9)
FNDA:8,(anonymous_10)
FNDA:1,(anonymous_11)
FNDA:1,(anonymous_12)
FNDA:1,(anonymous_13)
FNDA:10,(anonymous_14)
FNDA:2,(anonymous_15)
FNDA:10,(anonymous_16)
FNDA:0,(anonymous_17)
FNDA:23,(anonymous_18)
FNDA:1,(anonymous_19)
FNDA:0,(anonymous_20)
FNDA:2,(anonymous_21)
FNDA:9,(anonymous_22)
FNDA:1,(anonymous_23)
FNDA:15,(anonymous_24)
DA:21,1
DA:22,1
DA:240,7
DA:241,7
DA:242,7
DA:250,7
DA:253,7
DA:256,7
DA:257,7
DA:258,0
DA:260,7
DA:263,7
DA:266,7
DA:267,7
DA:269,7
DA:270,7
DA:272,7
DA:273,7
DA:275,7
DA:276,7
DA:290,0
DA:292,0
DA:293,0
DA:295,0
DA:296,0
DA:298,0
DA:299,0
DA:300,0
DA:301,0
DA:302,0
DA:303,0
DA:305,0
DA:318,9
DA:319,9
DA:320,9
DA:321,1
DA:322,1
DA:323,1
DA:324,1
DA:327,8
DA:328,8
DA:337,9
DA:338,9
DA:339,1
DA:340,1
DA:343,8
DA:352,9
DA:360,14
DA:361,14
DA:362,14
DA:363,14
DA:364,14
DA:365,0
DA:366,0
DA:375,8
DA:376,8
DA:377,8
DA:378,8
DA:379,1
DA:381,7
DA:382,0
DA:391,0
DA:392,0
DA:393,0
DA:394,0
DA:397,0
DA:398,0
DA:400,0
DA:401,0
DA:402,0
DA:403,0
DA:406,0
DA:407,0
DA:411,0
DA:413,0
DA:414,0
DA:415,0
DA:417,0
DA:418,0
DA:419,0
DA:428,0
DA:435,0
DA:440,0
DA:442,0
DA:443,0
DA:444,0
DA:445,0
DA:446,0
DA:457,1
DA:471,8
DA:474,0
DA:475,0
DA:477,1
DA:478,1
DA:480,1
DA:481,1
DA:483,2
DA:484,2
DA:486,1
DA:488,1
DA:489,1
DA:491,2
DA:492,2
DA:494,0
DA:495,0
DA:501,1
DA:506,1
DA:511,1
DA:516,10
DA:521,2
DA:522,2
DA:523,1
DA:525,1
DA:530,10
DA:535,0
DA:536,0
DA:537,0
DA:539,0
DA:544,23
DA:549,1
DA:554,0
DA:559,2
DA:560,2
DA:561,1
DA:563,1
DA:568,9
DA:573,1
DA:574,1
DA:575,0
DA:576,0
DA:578,0
DA:583,15
DA:588,1
LF:133
LH:78
BRDA:257,0,0,0
BRDA:257,0,1,7
BRDA:292,1,0,0
BRDA:292,1,1,0
BRDA:300,2,0,0
BRDA:300,2,1,0
BRDA:320,3,0,1
BRDA:320,3,1,8
BRDA:338,4,0,1
BRDA:338,4,1,8
BRDA:352,5,0,0
BRDA:352,5,1,9
BRDA:364,6,0,0
BRDA:364,6,1,14
BRDA:378,7,0,1
BRDA:378,7,1,7
BRDA:381,8,0,0
BRDA:381,8,1,7
BRDA:393,9,0,0
BRDA:393,9,1,0
BRDA:393,10,0,0
BRDA:393,10,1,0
BRDA:401,11,0,0
BRDA:401,11,1,0
BRDA:419,12,0,0
BRDA:419,12,1,0
BRDA:419,13,0,0
BRDA:419,13,1,0
BRDA:419,13,2,0
BRDA:419,13,3,0
BRDA:419,13,4,0
BRDA:444,14,0,0
BRDA:444,14,1,0
BRDA:471,15,0,0
BRDA:471,15,1,1
BRDA:471,15,2,1
BRDA:471,15,3,2
BRDA:471,15,4,1
BRDA:471,15,5,1
BRDA:471,15,6,2
BRDA:471,15,7,0
BRDA:506,16,0,1
BRDA:506,16,1,0
BRDA:516,17,0,10
BRDA:516,17,1,8
BRDA:522,18,0,1
BRDA:522,18,1,1
BRDA:536,19,0,0
BRDA:536,19,1,0
BRDA:554,20,0,0
BRDA:554,20,1,0
BRDA:560,21,0,1
BRDA:560,21,1,1
BRDA:573,22,0,1
BRDA:573,22,1,0
BRDA:575,23,0,0
BRDA:575,23,1,0
BRDA:583,24,0,15
BRDA:583,24,1,14
BRF:59
BRH:26
end_of_record
TN:
SF:C:\Users\越\Desktop\CSE112\team7\pages\element\script\Comment.js
FN:172,(anonymous_0)
FN:182,(anonymous_1)
FN:202,(anonymous_2)
FN:242,(anonymous_3)
FN:276,(anonymous_4)
FN:286,(anonymous_5)
FN:287,(anonymous_6)
FN:354,(anonymous_7)
FN:369,(anonymous_8)
FN:385,(anonymous_9)
FN:390,(anonymous_10)
FN:397,(anonymous_11)
FN:408,(anonymous_12)
FN:412,(anonymous_13)
FN:418,(anonymous_14)
FN:428,(anonymous_15)
FN:432,(anonymous_16)
FN:439,(anonymous_17)
FN:450,(anonymous_18)
FN:520,(anonymous_19)
FN:536,(anonymous_20)
FN:576,(anonymous_21)
FN:581,(anonymous_22)
FN:587,(anonymous_23)
FN:592,(anonymous_24)
FN:601,(anonymous_25)
FN:606,(anonymous_26)
FN:615,(anonymous_27)
FN:620,(anonymous_28)
FN:629,(anonymous_29)
FN:634,(anonymous_30)
FN:643,(anonymous_31)
FN:648,(anonymous_32)
FN:658,(anonymous_33)
FN:663,(anonymous_34)
FN:668,(anonymous_35)
FN:673,(anonymous_36)
FN:678,(anonymous_37)
FN:683,(anonymous_38)
FNF:39
FNH:21
FNDA:6,(anonymous_0)
FNDA:6,(anonymous_1)
FNDA:0,(anonymous_2)
FNDA:0,(anonymous_3)
FNDA:0,(anonymous_4)
FNDA:0,(anonymous_5)
FNDA:0,(anonymous_6)
FNDA:1,(anonymous_7)
FNDA:8,(anonymous_8)
FNDA:8,(anonymous_9)
FNDA:0,(anonymous_10)
FNDA:0,(anonymous_11)
FNDA:8,(anonymous_12)
FNDA:0,(anonymous_13)
FNDA:0,(anonymous_14)
FNDA:8,(anonymous_15)
FNDA:0,(anonymous_16)
FNDA:0,(anonymous_17)
FNDA:0,(anonymous_18)
FNDA:1,(anonymous_19)
FNDA:11,(anonymous_20)
FNDA:1,(anonymous_21)
FNDA:0,(anonymous_22)
FNDA:9,(anonymous_23)
FNDA:2,(anonymous_24)
FNDA:9,(anonymous_25)
FNDA:2,(anonymous_26)
FNDA:9,(anonymous_27)
FNDA:2,(anonymous_28)
FNDA:9,(anonymous_29)
FNDA:2,(anonymous_30)
FNDA:3,(anonymous_31)
FNDA:2,(anonymous_32)
FNDA:0,(anonymous_33)
FNDA:0,(anonymous_34)
FNDA:0,(anonymous_35)
FNDA:0,(anonymous_36)
FNDA:6,(anonymous_37)
FNDA:0,(anonymous_38)
DA:7,1
DA:8,1
DA:173,6
DA:174,6
DA:175,6
DA:185,6
DA:186,6
DA:187,6
DA:188,6
DA:190,6
DA:191,0
DA:203,0
DA:204,0
DA:205,0
DA:207,0
DA:208,0
DA:210,0
DA:215,0
DA:217,0
DA:218,0
DA:219,0
DA:220,0
DA:224,0
DA:225,0
DA:229,0
DA:230,0
DA:231,0
DA:232,0
DA:233,0
DA:235,0
DA:238,0
DA:240,0
DA:242,0
DA:243,0
DA:244,0
DA:247,0
DA:248,0
DA:249,0
DA:250,0
DA:253,0
DA:267,0
DA:277,0
DA:278,0
DA:279,0
DA:280,0
DA:281,0
DA:283,0
DA:285,0
DA:286,0
DA:287,0
DA:288,0
DA:289,0
DA:293,0
DA:295,0
DA:296,0
DA:297,0
DA:298,0
DA:299,0
DA:301,0
DA:302,0
DA:306,0
DA:307,0
DA:308,0
DA:309,0
DA:310,0
DA:311,0
DA:312,0
DA:313,0
DA:319,0
DA:320,0
DA:321,0
DA:322,0
DA:323,0
DA:324,0
DA:326,0
DA:327,0
DA:328,0
DA:330,0
DA:332,0
DA:333,0
DA:334,0
DA:335,0
DA:336,0
DA:337,0
DA:338,0
DA:339,0
DA:340,0
DA:341,0
DA:346,0
DA:347,0
DA:355,1
DA:356,1
DA:358,1
DA:359,18
DA:360,18
DA:361,1
DA:370,8
DA:372,8
DA:373,1
DA:377,7
DA:386,8
DA:387,8
DA:389,8
DA:390,1
DA:391,0
DA:393,1
DA:397,7
DA:398,0
DA:400,7
DA:409,8
DA:411,8
DA:412,1
DA:413,0
DA:418,7
DA:419,0
DA:429,8
DA:430,8
DA:431,8
DA:432,1
DA:433,0
DA:435,1
DA:439,7
DA:440,0
DA:442,7
DA:451,0
DA:452,0
DA:453,0
DA:454,0
DA:457,0
DA:458,0
DA:460,0
DA:461,0
DA:462,0
DA:463,0
DA:466,0
DA:467,0
DA:471,0
DA:473,0
DA:474,0
DA:475,0
DA:477,0
DA:478,0
DA:479,0
DA:488,0
DA:495,0
DA:500,0
DA:502,0
DA:503,0
DA:504,0
DA:505,0
DA:506,0
DA:521,1
DA:538,11
DA:540,1
DA:541,1
DA:543,2
DA:544,2
DA:546,2
DA:547,2
DA:549,2
DA:550,2
DA:552,2
DA:553,2
DA:555,2
DA:556,1
DA:559,1
DA:562,2
DA:564,0
DA:565,0
DA:567,0
DA:568,0
DA:571,0
DA:577,1
DA:583,0
DA:588,9
DA:593,2
DA:594,2
DA:595,1
DA:597,1
DA:602,9
DA:607,2
DA:608,2
DA:609,1
DA:611,1
DA:616,9
DA:621,2
DA:622,2
DA:623,1
DA:625,1
DA:630,9
DA:635,2
DA:636,2
DA:637,1
DA:639,1
DA:644,3
DA:649,2
DA:650,2
DA:651,1
DA:653,1
DA:659,0
DA:664,0
DA:669,0
DA:674,0
DA:679,6
DA:684,0
DA:687,1
LF:206
LH:82
BRDA:190,0,0,0
BRDA:190,0,1,6
BRDA:202,1,0,0
BRDA:203,2,0,0
BRDA:203,2,1,0
BRDA:243,3,0,0
BRDA:243,3,1,0
BRDA:249,4,0,0
BRDA:249,4,1,0
BRDA:280,5,0,0
BRDA:280,5,1,0
BRDA:288,6,0,0
BRDA:288,6,1,0
BRDA:308,7,0,0
BRDA:308,7,1,0
BRDA:308,8,0,0
BRDA:308,8,1,0
BRDA:333,9,0,0
BRDA:333,9,1,0
BRDA:336,10,0,0
BRDA:336,10,1,0
BRDA:360,11,0,1
BRDA:360,11,1,17
BRDA:372,12,0,1
BRDA:372,12,1,7
BRDA:389,13,0,1
BRDA:389,13,1,7
BRDA:411,14,0,1
BRDA:411,14,1,7
BRDA:431,15,0,1
BRDA:431,15,1,7
BRDA:453,16,0,0
BRDA:453,16,1,0
BRDA:453,17,0,0
BRDA:453,17,1,0
BRDA:461,18,0,0
BRDA:461,18,1,0
BRDA:479,19,0,0
BRDA:479,19,1,0
BRDA:479,20,0,0
BRDA:479,20,1,0
BRDA:479,20,2,0
BRDA:479,20,3,0
BRDA:479,20,4,0
BRDA:504,21,0,0
BRDA:504,21,1,0
BRDA:538,22,0,1
BRDA:538,22,1,2
BRDA:538,22,2,2
BRDA:538,22,3,2
BRDA:538,22,4,2
BRDA:538,22,5,2
BRDA:538,22,6,0
BRDA:538,22,7,0
BRDA:538,22,8,0
BRDA:555,23,0,1
BRDA:555,23,1,1
BRDA:577,24,0,1
BRDA:577,24,1,0
BRDA:594,25,0,1
BRDA:594,25,1,1
BRDA:608,26,0,1
BRDA:608,26,1,1
BRDA:622,27,0,1
BRDA:622,27,1,1
BRDA:636,28,0,1
BRDA:636,28,1,1
BRDA:650,29,0,1
BRDA:650,29,1,1
BRDA:659,30,0,0
BRDA:659,30,1,0
BRDA:679,31,0,6
BRDA:679,31,1,6
BRF:73
BRH:32
end_of_record
TN:
SF:C:\Users\越\Desktop\CSE112\team7\pages\element\script\Rater.js
FN:151,(anonymous_0)
FN:161,(anonymous_1)
FN:231,(anonymous_2)
FN:243,(anonymous_3)
FN:256,(anonymous_4)
FN:273,(anonymous_5)
FN:317,(anonymous_6)
FN:330,(anonymous_7)
FN:372,(anonymous_8)
FN:410,(anonymous_9)
FN:432,(anonymous_10)
FN:447,(anonymous_11)
FN:479,(anonymous_12)
FN:529,(anonymous_13)
FN:599,(anonymous_14)
FN:617,(anonymous_15)
FN:707,(anonymous_16)
FN:712,(anonymous_17)
FN:717,(anonymous_18)
FN:722,(anonymous_19)
FN:727,(anonymous_20)
FN:732,(anonymous_21)
FN:737,(anonymous_22)
FN:746,(anonymous_23)
FN:751,(anonymous_24)
FN:760,(anonymous_25)
FN:765,(anonymous_26)
FN:770,(anonymous_27)
FN:775,(anonymous_28)
FN:784,(anonymous_29)
FN:789,(anonymous_30)
FN:794,(anonymous_31)
FN:814,(anonymous_32)
FN:819,(anonymous_33)
FN:824,(anonymous_34)
FN:829,(anonymous_35)
FN:834,(anonymous_36)
FN:839,(anonymous_37)
FN:844,(anonymous_38)
FN:849,(anonymous_39)
FN:860,(anonymous_40)
FN:865,(anonymous_41)
FN:870,(anonymous_42)
FN:875,(anonymous_43)
FN:880,(anonymous_44)
FN:885,(anonymous_45)
FN:894,(anonymous_46)
FN:899,(anonymous_47)
FN:904,(anonymous_48)
FN:909,(anonymous_49)
FNF:50
FNH:29
FNDA:15,(anonymous_0)
FNDA:15,(anonymous_1)
FNDA:2,(anonymous_2)
FNDA:0,(anonymous_3)
FNDA:0,(anonymous_4)
FNDA:15,(anonymous_5)
FNDA:15,(anonymous_6)
FNDA:4,(anonymous_7)
FNDA:18,(anonymous_8)
FNDA:15,(anonymous_9)
FNDA:21,(anonymous_10)
FNDA:15,(anonymous_11)
FNDA:15,(anonymous_12)
FNDA:0,(anonymous_13)
FNDA:1,(anonymous_14)
FNDA:22,(anonymous_15)
FNDA:2,(anonymous_16)
FNDA:15,(anonymous_17)
FNDA:0,(anonymous_18)
FNDA:204,(anonymous_19)
FNDA:0,(anonymous_20)
FNDA:0,(anonymous_21)
FNDA:0,(anonymous_22)
FNDA:113,(anonymous_23)
FNDA:0,(anonymous_24)
FNDA:29,(anonymous_25)
FNDA:15,(anonymous_26)
FNDA:0,(anonymous_27)
FNDA:0,(anonymous_28)
FNDA:21,(anonymous_29)
FNDA:0,(anonymous_30)
FNDA:8,(anonymous_31)
FNDA:0,(anonymous_32)
FNDA:0,(anonymous_33)
FNDA:0,(anonymous_34)
FNDA:19,(anonymous_35)
FNDA:0,(anonymous_36)
FNDA:2,(anonymous_37)
FNDA:0,(anonymous_38)
FNDA:45,(anonymous_39)
FNDA:0,(anonymous_40)
FNDA:15,(anonymous_41)
FNDA:0,(anonymous_42)
FNDA:15,(anonymous_43)
FNDA:0,(anonymous_44)
FNDA:45,(anonymous_45)
FNDA:0,(anonymous_46)
FNDA:15,(anonymous_47)
FNDA:0,(anonymous_48)
FNDA:15,(anonymous_49)
DA:21,1
DA:22,1
DA:152,15
DA:153,15
DA:154,15
DA:162,15
DA:164,15
DA:165,15
DA:167,15
DA:168,0
DA:171,15
DA:173,15
DA:174,0
DA:177,15
DA:181,15
DA:182,15
DA:183,0
DA:184,0
DA:185,0
DA:188,15
DA:192,15
DA:195,15
DA:198,15
DA:199,15
DA:200,15
DA:201,15
DA:204,15
DA:206,15
DA:209,15
DA:212,15
DA:213,15
DA:216,15
DA:232,2
DA:233,2
DA:234,2
DA:245,0
DA:246,0
DA:247,0
DA:258,0
DA:259,0
DA:260,0
DA:261,0
DA:274,15
DA:278,15
DA:279,15
DA:281,0
DA:282,0
DA:285,0
DA:289,15
DA:290,75
DA:291,75
DA:292,75
DA:294,75
DA:295,0
DA:296,0
DA:297,0
DA:298,0
DA:301,75
DA:302,75
DA:303,75
DA:306,15
DA:307,0
DA:308,15
DA:309,15
DA:318,15
DA:319,15
DA:321,15
DA:322,15
DA:336,4
DA:337,2
DA:339,2
DA:340,0
DA:343,2
DA:345,4
DA:347,4
DA:348,20
DA:349,20
DA:350,20
DA:352,20
DA:353,11
DA:354,11
DA:355,11
DA:356,11
DA:359,9
DA:360,9
DA:361,9
DA:364,4
DA:365,4
DA:373,18
DA:374,18
DA:377,18
DA:378,16
DA:380,18
DA:381,96
DA:382,96
DA:383,96
DA:384,0
DA:386,96
DA:387,96
DA:388,96
DA:389,96
DA:391,96
DA:392,96
DA:393,96
DA:395,96
DA:396,96
DA:398,18
DA:399,18
DA:400,3
DA:401,3
DA:411,15
DA:413,15
DA:414,0
DA:415,0
DA:416,0
DA:420,15
DA:421,75
DA:433,21
DA:434,6
DA:435,15
DA:436,6
DA:439,9
DA:448,15
DA:450,15
DA:451,360
DA:452,360
DA:454,15
DA:455,15
DA:457,15
DA:458,15
DA:460,15
DA:461,15
DA:463,15
DA:464,15
DA:466,15
DA:467,15
DA:469,0
DA:470,0
DA:480,15
DA:483,15
DA:484,360
DA:485,360
DA:487,15
DA:488,15
DA:492,15
DA:494,15
DA:495,15
DA:499,15
DA:501,15
DA:502,15
DA:506,15
DA:508,15
DA:509,15
DA:513,15
DA:515,15
DA:516,15
DA:520,15
DA:530,0
DA:531,0
DA:532,0
DA:533,0
DA:536,0
DA:537,0
DA:539,0
DA:540,0
DA:541,0
DA:542,0
DA:545,0
DA:546,0
DA:550,0
DA:552,0
DA:553,0
DA:554,0
DA:556,0
DA:557,0
DA:558,0
DA:567,0
DA:574,0
DA:579,0
DA:581,0
DA:582,0
DA:583,0
DA:584,0
DA:585,0
DA:600,1
DA:619,22
DA:621,4
DA:622,4
DA:624,3
DA:625,2
DA:626,3
DA:627,3
DA:629,0
DA:630,0
DA:632,6
DA:633,6
DA:635,0
DA:636,0
DA:638,0
DA:639,0
DA:642,0
DA:645,6
DA:647,0
DA:648,0
DA:650,0
DA:651,0
DA:653,0
DA:654,0
DA:656,0
DA:657,0
DA:659,0
DA:660,0
DA:662,0
DA:663,0
DA:665,0
DA:666,0
DA:668,0
DA:669,0
DA:671,1
DA:672,1
DA:673,1
DA:674,1
DA:676,0
DA:678,1
DA:680,1
DA:681,1
DA:682,1
DA:683,1
DA:686,0
DA:688,1
DA:690,1
DA:691,1
DA:692,1
DA:693,1
DA:696,0
DA:698,1
DA:700,0
DA:701,0
DA:708,2
DA:713,15
DA:718,0
DA:723,204
DA:728,0
DA:733,0
DA:738,0
DA:739,0
DA:740,0
DA:742,0
DA:747,113
DA:752,0
DA:753,0
DA:754,0
DA:756,0
DA:761,29
DA:766,15
DA:771,0
DA:776,0
DA:777,0
DA:778,0
DA:780,0
DA:785,21
DA:790,0
DA:795,8
DA:796,0
DA:797,0
DA:799,0
DA:800,0
DA:801,0
DA:803,0
DA:805,0
DA:807,8
DA:808,0
DA:810,8
DA:815,0
DA:820,0
DA:825,0
DA:830,19
DA:835,0
DA:840,2
DA:845,0
DA:850,45
DA:851,0
DA:852,0
DA:853,0
DA:856,45
DA:861,0
DA:866,15
DA:871,0
DA:876,15
DA:881,0
DA:886,45
DA:887,0
DA:890,45
DA:895,0
DA:900,15
DA:905,0
DA:910,15
DA:918,1
LF:298
LH:177
BRDA:167,0,0,0
BRDA:167,0,1,15
BRDA:173,1,0,0
BRDA:173,1,1,15
BRDA:182,2,0,0
BRDA:182,2,1,15
BRDA:233,3,0,2
BRDA:233,3,1,0
BRDA:246,4,0,0
BRDA:246,4,1,0
BRDA:259,5,0,0
BRDA:259,5,1,0
BRDA:260,6,0,0
BRDA:260,6,1,0
BRDA:278,7,0,15
BRDA:278,7,1,0
BRDA:281,8,0,0
BRDA:281,8,1,0
BRDA:294,9,0,0
BRDA:294,9,1,75
BRDA:306,10,0,0
BRDA:306,10,1,15
BRDA:306,11,0,15
BRDA:306,11,1,0
BRDA:308,12,0,15
BRDA:308,12,1,0
BRDA:318,13,0,15
BRDA:318,13,1,0
BRDA:321,14,0,15
BRDA:321,14,1,0
BRDA:336,15,0,2
BRDA:336,15,1,2
BRDA:339,16,0,0
BRDA:339,16,1,2
BRDA:352,17,0,11
BRDA:352,17,1,9
BRDA:364,18,0,4
BRDA:364,18,1,0
BRDA:364,19,0,4
BRDA:364,19,1,4
BRDA:364,19,2,4
BRDA:383,20,0,0
BRDA:383,20,1,96
BRDA:399,21,0,3
BRDA:399,21,1,15
BRDA:413,22,0,0
BRDA:413,22,1,15
BRDA:433,23,0,6
BRDA:433,23,1,15
BRDA:435,24,0,6
BRDA:435,24,1,9
BRDA:435,25,0,15
BRDA:435,25,1,9
BRDA:452,26,0,15
BRDA:452,26,1,15
BRDA:452,26,2,15
BRDA:452,26,3,15
BRDA:452,26,4,15
BRDA:452,26,5,0
BRDA:485,27,0,15
BRDA:485,27,1,15
BRDA:485,27,2,15
BRDA:485,27,3,15
BRDA:485,27,4,15
BRDA:532,28,0,0
BRDA:532,28,1,0
BRDA:532,29,0,0
BRDA:532,29,1,0
BRDA:540,30,0,0
BRDA:540,30,1,0
BRDA:558,31,0,0
BRDA:558,31,1,0
BRDA:558,32,0,0
BRDA:558,32,1,0
BRDA:558,32,2,0
BRDA:558,32,3,0
BRDA:558,32,4,0
BRDA:583,33,0,0
BRDA:583,33,1,0
BRDA:619,34,0,4
BRDA:619,34,1,3
BRDA:619,34,2,0
BRDA:619,34,3,6
BRDA:619,34,4,0
BRDA:619,34,5,0
BRDA:619,34,6,0
BRDA:619,34,7,6
BRDA:619,34,8,0
BRDA:619,34,9,0
BRDA:619,34,10,0
BRDA:619,34,11,0
BRDA:619,34,12,0
BRDA:619,34,13,0
BRDA:619,34,14,0
BRDA:619,34,15,0
BRDA:619,34,16,1
BRDA:619,34,17,1
BRDA:619,34,18,1
BRDA:619,34,19,0
BRDA:624,35,0,2
BRDA:624,35,1,1
BRDA:672,36,0,1
BRDA:672,36,1,0
BRDA:681,37,0,1
BRDA:681,37,1,0
BRDA:691,38,0,1
BRDA:691,38,1,0
BRDA:713,39,0,15
BRDA:713,39,1,15
BRDA:723,40,0,204
BRDA:723,40,1,180
BRDA:728,41,0,0
BRDA:728,41,1,0
BRDA:739,42,0,0
BRDA:739,42,1,0
BRDA:753,43,0,0
BRDA:753,43,1,0
BRDA:777,44,0,0
BRDA:777,44,1,0
BRDA:795,45,0,0
BRDA:795,45,1,8
BRDA:800,46,0,0
BRDA:800,46,1,0
BRDA:807,47,0,0
BRDA:807,47,1,8
BRDA:820,48,0,0
BRDA:820,48,1,0
BRDA:830,49,0,19
BRDA:830,49,1,19
BRDA:840,50,0,2
BRDA:840,50,1,2
BRDA:850,51,0,0
BRDA:850,51,1,45
BRDA:851,52,0,0
BRDA:851,52,1,0
BRDA:866,53,0,15
BRDA:866,53,1,15
BRDA:876,54,0,15
BRDA:876,54,1,15
BRDA:886,55,0,0
BRDA:886,55,1,45
BRDA:900,56,0,15
BRDA:900,56,1,15
BRDA:910,57,0,15
BRDA:910,57,1,15
BRF:145
BRH:72
end_of_record
TN:
SF:C:\Users\越\Desktop\CSE112\team7\pages\element\script\Upload.js
FN:527,(anonymous_0)
FN:537,(anonymous_1)
FN:579,(anonymous_2)
FN:590,(anonymous_3)
FN:598,(anonymous_4)
FN:602,(anonymous_5)
FN:607,(anonymous_6)
FN:621,(anonymous_7)
FN:637,(anonymous_8)
FN:643,(anonymous_9)
FN:647,(anonymous_10)
FN:659,(anonymous_11)
FN:671,(anonymous_12)
FN:683,(anonymous_13)
FN:701,(anonymous_14)
FN:712,(anonymous_15)
FN:728,(anonymous_16)
FN:753,(anonymous_17)
FN:823,(anonymous_18)
FN:837,(anonymous_19)
FN:860,(anonymous_20)
FN:869,(anonymous_21)
FN:874,(anonymous_22)
FN:883,(anonymous_23)
FN:888,(anonymous_24)
FN:891,(anonymous_25)
FNF:26
FNH:9
FNDA:3,(anonymous_0)
FNDA:3,(anonymous_1)
FNDA:0,(anonymous_2)
FNDA:0,(anonymous_3)
FNDA:0,(anonymous_4)
FNDA:0,(anonymous_5)
FNDA:0,(anonymous_6)
FNDA:0,(anonymous_7)
FNDA:0,(anonymous_8)
FNDA:0,(anonymous_9)
FNDA:0,(anonymous_10)
FNDA:0,(anonymous_11)
FNDA:0,(anonymous_12)
FNDA:0,(anonymous_13)
FNDA:0,(anonymous_14)
FNDA:4,(anonymous_15)
FNDA:2,(anonymous_16)
FNDA:0,(anonymous_17)
FNDA:1,(anonymous_18)
FNDA:5,(anonymous_19)
FNDA:0,(anonymous_20)
FNDA:2,(anonymous_21)
FNDA:0,(anonymous_22)
FNDA:4,(anonymous_23)
FNDA:2,(anonymous_24)
FNDA:0,(anonymous_25)
DA:21,1
DA:22,1
DA:481,1
DA:482,1
DA:528,3
DA:529,3
DA:530,3
DA:538,3
DA:541,3
DA:542,3
DA:550,3
DA:553,3
DA:554,3
DA:558,3
DA:559,3
DA:561,3
DA:562,3
DA:564,3
DA:565,3
DA:566,3
DA:567,3
DA:568,3
DA:570,3
DA:580,0
DA:581,0
DA:591,0
DA:592,0
DA:594,0
DA:595,0
DA:597,0
DA:598,0
DA:601,0
DA:605,0
DA:606,0
DA:610,0
DA:611,0
DA:622,0
DA:623,0
DA:624,0
DA:625,0
DA:628,0
DA:629,0
DA:630,0
DA:633,0
DA:634,0
DA:637,0
DA:639,0
DA:642,0
DA:643,0
DA:646,0
DA:649,0
DA:660,0
DA:661,0
DA:662,0
DA:663,0
DA:664,0
DA:672,0
DA:673,0
DA:674,0
DA:675,0
DA:676,0
DA:684,0
DA:685,0
DA:687,0
DA:689,0
DA:691,0
DA:692,0
DA:693,0
DA:703,0
DA:704,0
DA:705,0
DA:713,4
DA:714,4
DA:715,4
DA:716,1
DA:717,1
DA:719,3
DA:720,3
DA:729,2
DA:730,2
DA:733,2
DA:734,1
DA:735,1
DA:738,1
DA:741,1
DA:742,1
DA:745,1
DA:754,0
DA:755,0
DA:756,0
DA:757,0
DA:760,0
DA:761,0
DA:763,0
DA:764,0
DA:765,0
DA:766,0
DA:769,0
DA:770,0
DA:774,0
DA:776,0
DA:777,0
DA:778,0
DA:780,0
DA:781,0
DA:782,0
DA:791,0
DA:798,0
DA:803,0
DA:805,0
DA:806,0
DA:807,0
DA:808,0
DA:809,0
DA:824,1
DA:839,5
DA:841,2
DA:843,2
DA:845,1
DA:846,1
DA:848,2
DA:849,2
DA:851,0
DA:852,0
DA:854,0
DA:855,0
DA:861,0
DA:862,0
DA:863,0
DA:865,0
DA:870,2
DA:875,0
DA:876,0
DA:877,0
DA:879,0
DA:884,4
DA:889,2
DA:892,0
DA:893,0
DA:894,0
DA:896,0
DA:901,1
LF:142
LH:51
BRDA:594,0,0,0
BRDA:594,0,1,0
BRDA:715,1,0,1
BRDA:715,1,1,3
BRDA:733,2,0,1
BRDA:733,2,1,1
BRDA:756,3,0,0
BRDA:756,3,1,0
BRDA:756,4,0,0
BRDA:756,4,1,0
BRDA:764,5,0,0
BRDA:764,5,1,0
BRDA:782,6,0,0
BRDA:782,6,1,0
BRDA:782,7,0,0
BRDA:782,7,1,0
BRDA:782,7,2,0
BRDA:782,7,3,0
BRDA:782,7,4,0
BRDA:807,8,0,0
BRDA:807,8,1,0
BRDA:839,9,0,2
BRDA:839,9,1,1
BRDA:839,9,2,2
BRDA:839,9,3,0
BRDA:839,9,4,0
BRDA:842,10,0,1
BRDA:842,10,1,1
BRDA:862,11,0,0
BRDA:862,11,1,0
BRDA:876,12,0,0
BRDA:876,12,1,0
BRDA:893,13,0,0
BRDA:893,13,1,0
BRF:34
BRH:9
end_of_record
TN:
SF:C:\Users\越\Desktop\CSE112\team7\pages\element\script\init_firebase.js
FNF:0
FNH:0
DA:2,1
DA:13,1
DA:16,1
DA:17,1
DA:19,1
DA:21,1
LF:6
LH:6
BRF:0
BRH:0
end_of_record
TN:
SF:C:\Users\越\Desktop\CSE112\team7\test\checkbox.spec.js
FN:8,(anonymous_0)
FN:12,(anonymous_1)
FN:18,(anonymous_2)
FN:22,(anonymous_3)
FN:29,(anonymous_4)
FN:36,(anonymous_5)
FN:47,(anonymous_6)
FN:68,(anonymous_7)
FN:73,(anonymous_8)
FN:80,(anonymous_9)
FNF:10
FNH:10
FNDA:1,(anonymous_0)
FNDA:7,(anonymous_1)
FNDA:7,(anonymous_2)
FNDA:1,(anonymous_3)
FNDA:1,(anonymous_4)
FNDA:1,(anonymous_5)
FNDA:1,(anonymous_6)
FNDA:1,(anonymous_7)
FNDA:1,(anonymous_8)
FNDA:1,(anonymous_9)
DA:3,1
DA:4,1
DA:8,1
DA:12,1
DA:13,7
DA:14,7
DA:15,7
DA:18,1
DA:19,7
DA:22,1
DA:23,1
DA:24,1
DA:26,1
DA:29,1
DA:30,1
DA:31,1
DA:33,1
DA:36,1
DA:37,1
DA:38,1
DA:39,1
DA:41,1
DA:42,1
DA:43,1
DA:47,1
DA:48,1
DA:49,1
DA:68,1
DA:69,1
DA:70,1
DA:73,1
DA:74,1
DA:75,1
DA:76,1
DA:77,1
DA:80,1
DA:81,1
DA:82,1
LF:38
LH:38
BRF:0
BRH:0
end_of_record
TN:
SF:C:\Users\越\Desktop\CSE112\team7\test\comment_upload.spec.js
FN:9,(anonymous_0)
FN:13,(anonymous_1)
FN:19,(anonymous_2)
FN:23,(anonymous_3)
FN:40,(anonymous_4)
FN:50,(anonymous_5)
FN:60,(anonymous_6)
FN:70,(anonymous_7)
FN:80,(anonymous_8)
FN:92,(anonymous_9)
FN:97,(anonymous_10)
FN:104,(anonymous_11)
FN:108,(anonymous_12)
FN:115,(anonymous_13)
FN:128,(anonymous_14)
FNF:15
FNH:15
FNDA:1,(anonymous_0)
FNDA:6,(anonymous_1)
FNDA:6,(anonymous_2)
FNDA:1,(anonymous_3)
FNDA:1,(anonymous_4)
FNDA:1,(anonymous_5)
FNDA:1,(anonymous_6)
FNDA:1,(anonymous_7)
FNDA:1,(anonymous_8)
FNDA:1,(anonymous_9)
FNDA:3,(anonymous_10)
FNDA:3,(anonymous_11)
FNDA:1,(anonymous_12)
FNDA:1,(anonymous_13)
FNDA:1,(anonymous_14)
DA:4,1
DA:5,1
DA:9,1
DA:13,1
DA:14,6
DA:15,6
DA:16,6
DA:19,1
DA:20,6
DA:23,1
DA:25,1
DA:27,1
DA:29,1
DA:30,1
DA:31,18
DA:32,18
DA:33,1
DA:34,1
DA:37,1
DA:40,1
DA:41,1
DA:42,1
DA:43,1
DA:45,1
DA:46,1
DA:47,1
DA:50,1
DA:51,1
DA:52,1
DA:53,1
DA:55,1
DA:56,1
DA:57,1
DA:60,1
DA:61,1
DA:62,1
DA:63,1
DA:65,1
DA:66,1
DA:67,1
DA:70,1
DA:71,1
DA:72,1
DA:73,1
DA:75,1
DA:76,1
DA:77,1
DA:80,1
DA:81,1
DA:82,1
DA:83,1
DA:85,1
DA:86,1
DA:87,1
DA:92,1
DA:97,1
DA:99,3
DA:100,3
DA:101,3
DA:104,1
DA:105,3
DA:108,1
DA:110,1
DA:111,1
DA:115,1
DA:116,1
DA:117,1
DA:118,1
DA:119,1
DA:121,1
DA:122,1
DA:123,1
DA:124,1
DA:128,1
DA:129,1
DA:130,1
DA:131,1
DA:132,1
DA:133,1
DA:134,1
DA:135,1
DA:136,1
DA:138,1
DA:139,1
DA:140,1
DA:141,1
DA:143,1
DA:144,1
DA:145,1
DA:146,1
DA:147,1
LF:91
LH:91
BRDA:32,0,0,1
BRDA:32,0,1,17
BRF:2
BRH:2
end_of_record
TN:
SF:C:\Users\越\Desktop\CSE112\team7\test\core-hello.spec.js
FNF:0
FNH:0
LF:0
LH:0
BRF:0
BRH:0
end_of_record
TN:
SF:C:\Users\越\Desktop\CSE112\team7\test\rater.spec.js
FN:8,(anonymous_0)
FN:12,(anonymous_1)
FN:18,(anonymous_2)
FN:22,(anonymous_3)
FN:28,(anonymous_4)
FN:34,(anonymous_5)
FN:39,(anonymous_6)
FN:45,(anonymous_7)
FN:54,(anonymous_8)
FN:62,(anonymous_9)
FN:77,(anonymous_10)
FN:90,(anonymous_11)
FNF:12
FNH:12
FNDA:1,(anonymous_0)
FNDA:9,(anonymous_1)
FNDA:9,(anonymous_2)
FNDA:1,(anonymous_3)
FNDA:1,(anonymous_4)
FNDA:1,(anonymous_5)
FNDA:1,(anonymous_6)
FNDA:1,(anonymous_7)
FNDA:1,(anonymous_8)
FNDA:1,(anonymous_9)
FNDA:1,(anonymous_10)
FNDA:1,(anonymous_11)
DA:3,1
DA:4,1
DA:8,1
DA:12,1
DA:13,9
DA:14,9
DA:15,9
DA:18,1
DA:19,9
DA:22,1
DA:23,1
DA:25,1
DA:28,1
DA:29,1
DA:31,1
DA:34,1
DA:36,1
DA:39,1
DA:40,1
DA:42,1
DA:45,1
DA:46,1
DA:47,1
DA:49,1
DA:50,1
DA:51,1
DA:54,1
DA:56,1
DA:57,1
DA:58,1
DA:59,1
DA:62,1
DA:63,1
DA:64,1
DA:66,1
DA:69,1
DA:70,1
DA:73,1
DA:74,1
DA:77,1
DA:79,1
DA:80,1
DA:81,1
DA:82,1
DA:85,1
DA:86,1
DA:87,1
DA:90,1
DA:91,1
DA:92,1
DA:93,1
DA:94,1
DA:97,1
DA:98,1
LF:54
LH:54
BRF:0
BRH:0
end_of_record
